<?xml version="1.0" encoding="UTF-8"?>
<!-- Generated by org.testng.reporters.JUnitReportReporter -->
<testsuite hostname="LAPTOP-GKELI512" failures="0" tests="1" name="testpkg.Testautomation" time="6.220" errors="0" timestamp="2024-11-06T18:54:22 IST" skipped="0">
  <testcase classname="testpkg.Testautomation" name="textverify" time="6.220"/>
  <system-out/>
</testsuite> <!-- testpkg.Testautomation -->
